[2025-10-11T02:12:04+02:00] REQUEST_BEGIN {"uri":"/spcc_database/export_all.php?school_year=2024-2025","ip":"::1","ua":"Mozilla/5.0 (Windows NT 10.0; Win64; x64) AppleWebKit/537.36 (KHTML, like Gecko) Chrome/141.0.0.0 Safari/537.36","php":"8.2.12","temp":"C:\\Users\\CHARMA~1\\AppData\\Local\\Temp","params":{"school_year":"2024-2025"}}
[2025-10-11T02:12:04+02:00] DB_CONNECTED {"elapsed_ms":0.01}
[2025-10-11T02:12:04+02:00] INPUTS {"school_year":"2024-2025","semester":""}
[2025-10-11T02:12:04+02:00] SQL_OK {"label":"sections","elapsed_ms":0.67,"rows":3,"sql":"SELECT * FROM sections WHERE school_year = '2024-2025' "}
[2025-10-11T02:12:04+02:00] SQL_OK {"label":"subjects","elapsed_ms":0.43,"rows":20,"sql":"SELECT * FROM subjects WHERE school_year = '2024-2025' "}
[2025-10-11T02:12:04+02:00] SQL_OK {"label":"professors","elapsed_ms":0.16,"rows":0,"sql":"SELECT * FROM professors WHERE school_year = '2024-2025' "}
[2025-10-11T02:12:04+02:00] SQL_OK {"label":"rooms","elapsed_ms":0.19,"rows":3,"sql":"SELECT * FROM rooms WHERE school_year = '2024-2025' "}
[2025-10-11T02:12:04+02:00] SQL_OK {"label":"section_room_assignments","elapsed_ms":0.15,"rows":1,"sql":"SELECT * FROM section_room_assignments WHERE school_year = '2024-2025' "}
[2025-10-11T02:12:04+02:00] SQL_ERR {"label":"schedules_join","elapsed_ms":0.19,"sql":"\r\n    SELECT\r\n      s.id,\r\n      s.section_id,\r\n      sec.name AS section_name,\r\n      s.subject_id,\r\n      sub.code AS subject_code,\r\n      sub.name AS subject_name,\r\n      s.professor_id,\r\n      prof.name AS professor_name,\r\n      s.day,\r\n      s.time_start,\r\n      s.time_end,\r\n      s.room,\r\n      s.semester,\r\n      s.school_year\r\n    FROM schedules s\r\n    LEFT JOIN sections sec ON sec.id = s.section_id\r\n    LEFT JOIN subjects sub ON sub.id = s.subject_id\r\n    LEFT JOIN professors prof ON prof.id = s.professor_id\r\n     WHERE school_year = '2024-2025' \r\n    ORDER BY sec.name, s.day, s.time_start\r\n  ","error":"Unknown column 's.id' in 'field list'"}
[2025-10-11T02:12:04+02:00] EXCEPTION {"class":"mysqli_sql_exception","message":"Unknown column 's.id' in 'field list'","file":"C:\\xampp\\htdocs\\spcc_database\\export_all.php","line":111,"trace":"#0 C:\\xampp\\htdocs\\spcc_database\\export_all.php(111): mysqli->query('\\r\\n    SELECT\\r\\n ...')\n#1 C:\\xampp\\htdocs\\spcc_database\\export_all.php(165): {closure}(Object(mysqli), '\\r\\n    SELECT\\r\\n ...', 'schedules_join')\n#2 {main}"}
[2025-10-11T02:14:22+02:00] REQUEST_BEGIN {"uri":"/spcc_database/export_all.php?school_year=2024-2025","ip":"::1","ua":"Mozilla/5.0 (Windows NT 10.0; Win64; x64) AppleWebKit/537.36 (KHTML, like Gecko) Chrome/141.0.0.0 Safari/537.36","php":"8.2.12","temp":"C:\\Users\\CHARMA~1\\AppData\\Local\\Temp","params":{"school_year":"2024-2025"}}
[2025-10-11T02:14:22+02:00] DB_CONNECTED {"elapsed_ms":0}
[2025-10-11T02:14:22+02:00] INPUTS {"school_year":"2024-2025","semester":""}
[2025-10-11T02:14:22+02:00] SQL_OK {"label":"sections","elapsed_ms":0.26,"rows":3,"sql":"SELECT * FROM sections WHERE school_year = '2024-2025' "}
[2025-10-11T02:14:22+02:00] SQL_OK {"label":"subjects","elapsed_ms":0.35,"rows":20,"sql":"SELECT * FROM subjects WHERE school_year = '2024-2025' "}
[2025-10-11T02:14:22+02:00] SQL_OK {"label":"professors","elapsed_ms":0.34,"rows":0,"sql":"SELECT * FROM professors WHERE school_year = '2024-2025' "}
[2025-10-11T02:14:22+02:00] SQL_OK {"label":"rooms","elapsed_ms":0.2,"rows":3,"sql":"SELECT * FROM rooms WHERE school_year = '2024-2025' "}
[2025-10-11T02:14:22+02:00] SQL_OK {"label":"section_room_assignments","elapsed_ms":0.15,"rows":1,"sql":"SELECT * FROM section_room_assignments WHERE school_year = '2024-2025' "}
[2025-10-11T02:14:22+02:00] SQL_WARN_RETURN_EMPTY {"label":"schedules_join","elapsed_ms":0.2,"sql":"\r\n    SELECT\r\n      s.id,\r\n      s.section_id,\r\n      sec.name AS section_name,\r\n      s.subject_id,\r\n      sub.code AS subject_code,\r\n      sub.name AS subject_name,\r\n      s.professor_id,\r\n      prof.name AS professor_name,\r\n      s.day,\r\n      s.time_start,\r\n      s.time_end,\r\n      s.room,\r\n      s.semester,\r\n      s.school_year\r\n    FROM schedules s\r\n    LEFT JOIN sections sec ON sec.id = s.section_id\r\n    LEFT JOIN subjects sub ON sub.id = s.subject_id\r\n    LEFT JOIN professors prof ON prof.id = s.professor_id\r\n     WHERE school_year = '2024-2025' \r\n    ORDER BY sec.name, s.day, s.time_start\r\n  ","error":"Unknown column 's.id' in 'field list'"}
[2025-10-11T02:14:22+02:00] PHPSPREADSHEET_READY
[2025-10-11T02:14:24+02:00] EXCEPTION {"class":"Error","message":"Call to undefined method PhpOffice\\PhpSpreadsheet\\Worksheet\\Worksheet::setCellValueByColumnAndRow()","file":"C:\\xampp\\htdocs\\spcc_database\\export_all.php","line":182,"trace":"#0 C:\\xampp\\htdocs\\spcc_database\\export_all.php(213): {closure}(Object(PhpOffice\\PhpSpreadsheet\\Spreadsheet), 'Sections', Array)\n#1 {main}"}
[2025-10-11T02:17:05+02:00] REQUEST_BEGIN {"uri":"/spcc_database/export_all.php?school_year=2024-2025","ip":"::1","ua":"Mozilla/5.0 (Windows NT 10.0; Win64; x64) AppleWebKit/537.36 (KHTML, like Gecko) Chrome/141.0.0.0 Safari/537.36","php":"8.2.12","temp":"C:\\Users\\CHARMA~1\\AppData\\Local\\Temp","params":{"school_year":"2024-2025"}}
[2025-10-11T02:17:05+02:00] DB_CONNECTED {"elapsed_ms":0.01}
[2025-10-11T02:17:05+02:00] INPUTS {"school_year":"2024-2025","semester":""}
[2025-10-11T02:17:05+02:00] SQL_OK {"label":"sections","elapsed_ms":0.23,"rows":3,"sql":"SELECT * FROM sections WHERE school_year = '2024-2025' "}
[2025-10-11T02:17:05+02:00] SQL_OK {"label":"subjects","elapsed_ms":0.23,"rows":20,"sql":"SELECT * FROM subjects WHERE school_year = '2024-2025' "}
[2025-10-11T02:17:05+02:00] SQL_OK {"label":"professors","elapsed_ms":0.17,"rows":0,"sql":"SELECT * FROM professors WHERE school_year = '2024-2025' "}
[2025-10-11T02:17:05+02:00] SQL_OK {"label":"rooms","elapsed_ms":0.19,"rows":3,"sql":"SELECT * FROM rooms WHERE school_year = '2024-2025' "}
[2025-10-11T02:17:05+02:00] SQL_OK {"label":"section_room_assignments","elapsed_ms":0.14,"rows":1,"sql":"SELECT * FROM section_room_assignments WHERE school_year = '2024-2025' "}
[2025-10-11T02:17:05+02:00] SQL_ERR {"label":"schedules_join","elapsed_ms":0.15,"sql":"\r\n    SELECT\r\n      s.id,\r\n      s.section_id,\r\n      sec.name AS section_name,\r\n      s.subject_id,\r\n      sub.code AS subject_code,\r\n      sub.name AS subject_name,\r\n      s.professor_id,\r\n      prof.name AS professor_name,\r\n      s.day,\r\n      s.time_start,\r\n      s.time_end,\r\n      s.room,\r\n      s.semester,\r\n      s.school_year\r\n    FROM schedules s\r\n    LEFT JOIN sections sec ON sec.id = s.section_id\r\n    LEFT JOIN subjects sub ON sub.id = s.subject_id\r\n    LEFT JOIN professors prof ON prof.id = s.professor_id\r\n     WHERE school_year = '2024-2025' \r\n    ORDER BY sec.name, s.day, s.time_start\r\n  ","error":"Unknown column 's.id' in 'field list'"}
[2025-10-11T02:17:05+02:00] EXCEPTION {"class":"mysqli_sql_exception","message":"Unknown column 's.id' in 'field list'","file":"C:\\xampp\\htdocs\\spcc_database\\export_all.php","line":111,"trace":"#0 C:\\xampp\\htdocs\\spcc_database\\export_all.php(111): mysqli->query('\\r\\n    SELECT\\r\\n ...')\n#1 C:\\xampp\\htdocs\\spcc_database\\export_all.php(165): {closure}(Object(mysqli), '\\r\\n    SELECT\\r\\n ...', 'schedules_join')\n#2 {main}"}
